0 info it worked if it ends with ok
1 verbose cli [ 'C:\\Program Files\\nodejs\\node.exe',
1 verbose cli   'C:\\Program Files\\nodejs\\node_modules\\npm\\bin\\npm-cli.js',
1 verbose cli   'start' ]
2 info using npm@4.0.5
3 info using node@v7.4.0
4 verbose run-script [ 'prestart', 'start', 'poststart' ]
5 info lifecycle myNodeRedis@0.3.2~prestart: myNodeRedis@0.3.2
6 silly lifecycle myNodeRedis@0.3.2~prestart: no script for prestart, continuing
7 info lifecycle myNodeRedis@0.3.2~start: myNodeRedis@0.3.2
8 verbose lifecycle myNodeRedis@0.3.2~start: unsafe-perm in lifecycle true
9 verbose lifecycle myNodeRedis@0.3.2~start: PATH: C:\Program Files\nodejs\node_modules\npm\bin\node-gyp-bin;C:\projects\NodeSocketIoRedis\node_modules\.bin;C:\Python27\;C:\Python27\Scripts;C:\ProgramData\Oracle\Java\javapath;C:\Perl588\site\bin;C:\Perl588\bin;C:\oracle\product\11.1.0\client_1\BIN;C:\Windows\system32;C:\Windows;C:\Windows\System32\Wbem;C:\Windows\System32\WindowsPowerShell\v1.0\;C:\DevSoftware\Maven\apache-maven-3.2.2\bin;C:\Program Files\SourceGear\Common\DiffMerge\;C:\Program Files (x86)\GtkSharp\2.12\bin;C:\Program Files\MongoDB\Server\3.0\bin;C:\Windows\System32\ ;C:\oracle\instantclient;C:\DevSoftware\gradle-2.12\bin;C:\Program Files\Git\cmd;C:\Users\tmac\bin\Sencha\Cmd;C:\Program Files\TortoiseSVN\bin;C:\ProgramData\chocolatey\bin;C:\Program Files\Java\jdk1.8.0_102\bin;C:\Users\tmac\AppData\Local\Android\android-sdk\tools;C:\Users\tmac\AppData\Local\Android\android-sdk\platform-tools;C:\Program Files\nodejs\;C:\Program Files (x86)\Skype\Phone\;C:\DevSoftware\jsduck\;C:\Program Files\Redis\;C:\Users\tmac\bin\Sencha\Cmd;C:\Program Files (x86)\Microsoft VS Code\bin;C:\Program Files\Docker Toolbox;C:\Users\tmac\AppData\Roaming\npm;.;;.;;.;;.;
10 verbose lifecycle myNodeRedis@0.3.2~start: CWD: C:\projects\NodeSocketIoRedis
11 silly lifecycle myNodeRedis@0.3.2~start: Args: [ '/d /s /c', 'node server.js' ]
12 verbose stack Error: kill ENOSYS
12 verbose stack     at exports._errnoException (util.js:1022:11)
12 verbose stack     at process.kill (internal/process.js:173:13)
12 verbose stack     at process.listener (C:\Program Files\nodejs\node_modules\npm\node_modules\npmlog\node_modules\gauge\node_modules\signal-exit\index.js:86:15)
12 verbose stack     at emitNone (events.js:91:20)
12 verbose stack     at process.emit (events.js:185:7)
12 verbose stack     at processEmit (C:\Program Files\nodejs\node_modules\npm\node_modules\npmlog\node_modules\gauge\node_modules\signal-exit\index.js:146:32)
12 verbose stack     at processEmit (C:\Program Files\nodejs\node_modules\npm\node_modules\npm-registry-client\node_modules\npmlog\node_modules\gauge\node_modules\signal-exit\index.js:146:32)
12 verbose stack     at Signal.wrap.onsignal (internal/process.js:200:44)
13 verbose cwd C:\projects\NodeSocketIoRedis
14 error Windows_NT 6.1.7601
15 error argv "C:\\Program Files\\nodejs\\node.exe" "C:\\Program Files\\nodejs\\node_modules\\npm\\bin\\npm-cli.js" "start"
16 error node v7.4.0
17 error npm  v4.0.5
18 error code ENOSYS
19 error errno ENOSYS
20 error syscall kill
21 error kill ENOSYS
22 error If you need help, you may report this error at:
22 error     <https://github.com/npm/npm/issues>
23 verbose exit [ 1, true ]
